<?xml version="1.0" encoding="UTF-8"?>
<!-- Generated by org.testng.reporters.JUnitReportReporter -->
<testsuite skipped="0" hostname="DERIW42SLPC1327" name="testngAnnotations.Module1" tests="4" failures="0" timestamp="24 Mar 2019 11:01:33 GMT" time="0.023" errors="0">
  <testcase name="test3" time="0.005" classname="testngAnnotations.Module1"/>
  <testcase name="test1" time="0.011" classname="testngAnnotations.Module1"/>
  <testcase name="test4" time="0.003" classname="testngAnnotations.Module1"/>
  <testcase name="test2" time="0.004" classname="testngAnnotations.Module1"/>
</testsuite> <!-- testngAnnotations.Module1 -->
