<?xml version="1.0" encoding="UTF-8"?>
<!-- Generated by org.testng.reporters.JUnitReportReporter -->
<testsuite skipped="0" hostname="DERIW42SLPC1327" name="testngAnnotations.Tesng1" tests="4" failures="0" timestamp="24 Mar 2019 10:24:14 GMT" time="0.035" errors="0">
  <testcase name="atest2" time="0.023" classname="testngAnnotations.Tesng1"/>
  <testcase name="test1" time="0.003" classname="testngAnnotations.Tesng1"/>
  <testcase name="test3" time="0.006" classname="testngAnnotations.Tesng1"/>
  <testcase name="test4" time="0.003" classname="testngAnnotations.Tesng1"/>
</testsuite> <!-- testngAnnotations.Tesng1 -->
