<?xml version="1.0" encoding="UTF-8"?>
<!-- Generated by org.testng.reporters.JUnitReportReporter -->
<testsuite skipped="0" hostname="DERIW42SLPC1327" name="testngAnnotations.Module4" tests="1" failures="0" timestamp="24 Mar 2019 11:01:33 GMT" time="0.002" errors="0">
  <testcase name="test2" time="0.002" classname="testngAnnotations.Module4"/>
</testsuite> <!-- testngAnnotations.Module4 -->
