<?xml version="1.0" encoding="UTF-8"?>
<!-- Generated by org.testng.reporters.JUnitReportReporter -->
<testsuite skipped="0" hostname="DERIW42SLPC1327" name="logicTesting.Testing" tests="4" failures="0" timestamp="31 Mar 2019 08:49:33 GMT" time="513.461" errors="0">
  <testcase name="testScript" time="94.162" classname="logicTesting.Testing"/>
  <testcase name="testScript" time="218.626" classname="logicTesting.Testing"/>
  <testcase name="testScript" time="87.324" classname="logicTesting.Testing"/>
  <testcase name="testScript" time="113.349" classname="logicTesting.Testing"/>
</testsuite> <!-- logicTesting.Testing -->
